0 info it worked if it ends with ok
1 verbose cli [ '/usr/bin/nodejs', '/usr/bin/npm', 'run', 'watch-css' ]
2 info using npm@3.5.2
3 info using node@v4.2.6
4 verbose run-script [ 'prewatch-css', 'watch-css', 'postwatch-css' ]
5 info lifecycle clase13@1.0.0~prewatch-css: clase13@1.0.0
6 silly lifecycle clase13@1.0.0~prewatch-css: no script for prewatch-css, continuing
7 info lifecycle clase13@1.0.0~watch-css: clase13@1.0.0
8 verbose lifecycle clase13@1.0.0~watch-css: unsafe-perm in lifecycle true
9 verbose lifecycle clase13@1.0.0~watch-css: PATH: /usr/share/npm/bin/node-gyp-bin:/home/ramiro/coderhouse/clase13/ejercicio/node_modules/.bin:/home/ramiro/bin:/home/ramiro/.local/bin:/usr/local/sbin:/usr/local/bin:/usr/sbin:/usr/bin:/sbin:/bin:/usr/games:/usr/local/games:/snap/bin
10 verbose lifecycle clase13@1.0.0~watch-css: CWD: /home/ramiro/coderhouse/clase13/ejercicio
11 silly lifecycle clase13@1.0.0~watch-css: Args: [ '-c', 'nodemon -e scss -x "npm run build-css"' ]
12 info lifecycle clase13@1.0.0~watch-css: Failed to exec watch-css script
13 verbose stack Error: clase13@1.0.0 watch-css: `nodemon -e scss -x "npm run build-css"`
13 verbose stack spawn ENOENT
13 verbose stack     at ChildProcess.<anonymous> (/usr/share/npm/lib/utils/spawn.js:17:16)
13 verbose stack     at emitTwo (events.js:87:13)
13 verbose stack     at ChildProcess.emit (events.js:172:7)
13 verbose stack     at maybeClose (internal/child_process.js:821:16)
13 verbose stack     at Process.ChildProcess._handle.onexit (internal/child_process.js:211:5)
14 verbose pkgid clase13@1.0.0
15 verbose cwd /home/ramiro/coderhouse/clase13/ejercicio
16 error Linux 4.13.0-39-generic
17 error argv "/usr/bin/nodejs" "/usr/bin/npm" "run" "watch-css"
18 error node v4.2.6
19 error npm  v3.5.2
20 error file sh
21 error code ELIFECYCLE
22 error errno ENOENT
23 error syscall spawn
24 error clase13@1.0.0 watch-css: `nodemon -e scss -x "npm run build-css"`
24 error spawn ENOENT
25 error Failed at the clase13@1.0.0 watch-css script 'nodemon -e scss -x "npm run build-css"'.
25 error Make sure you have the latest version of node.js and npm installed.
25 error If you do, this is most likely a problem with the clase13 package,
25 error not with npm itself.
25 error Tell the author that this fails on your system:
25 error     nodemon -e scss -x "npm run build-css"
25 error You can get information on how to open an issue for this project with:
25 error     npm bugs clase13
25 error Or if that isn't available, you can get their info via:
25 error     npm owner ls clase13
25 error There is likely additional logging output above.
26 verbose exit [ 1, true ]
