0 info it worked if it ends with ok
1 verbose cli [ '/usr/bin/nodejs', '/usr/bin/npm', 'run', 'build-css' ]
2 info using npm@3.5.2
3 info using node@v4.2.6
4 verbose run-script [ 'prebuild-css', 'build-css', 'postbuild-css' ]
5 info lifecycle web@1.0.0~prebuild-css: web@1.0.0
6 silly lifecycle web@1.0.0~prebuild-css: no script for prebuild-css, continuing
7 info lifecycle web@1.0.0~build-css: web@1.0.0
8 verbose lifecycle web@1.0.0~build-css: unsafe-perm in lifecycle true
9 verbose lifecycle web@1.0.0~build-css: PATH: /usr/share/npm/bin/node-gyp-bin:/home/ramiro/coderhouse/web/node_modules/.bin:/home/ramiro/coderhouse/web/node_modules/.bin:/usr/share/npm/bin/node-gyp-bin:/home/ramiro/coderhouse/web/node_modules/.bin:/home/ramiro/bin:/home/ramiro/.local/bin:/usr/local/sbin:/usr/local/bin:/usr/sbin:/usr/bin:/sbin:/bin:/usr/games:/usr/local/games:/snap/bin
10 verbose lifecycle web@1.0.0~build-css: CWD: /home/ramiro/coderhouse/web
11 silly lifecycle web@1.0.0~build-css: Args: [ '-c',
11 silly lifecycle   'node-sass --include-path scss scss/style.scss public/css/style.css' ]
12 silly lifecycle web@1.0.0~build-css: Returned: code: 1  signal: null
13 info lifecycle web@1.0.0~build-css: Failed to exec build-css script
14 verbose stack Error: web@1.0.0 build-css: `node-sass --include-path scss scss/style.scss public/css/style.css`
14 verbose stack Exit status 1
14 verbose stack     at EventEmitter.<anonymous> (/usr/share/npm/lib/utils/lifecycle.js:232:16)
14 verbose stack     at emitTwo (events.js:87:13)
14 verbose stack     at EventEmitter.emit (events.js:172:7)
14 verbose stack     at ChildProcess.<anonymous> (/usr/share/npm/lib/utils/spawn.js:24:14)
14 verbose stack     at emitTwo (events.js:87:13)
14 verbose stack     at ChildProcess.emit (events.js:172:7)
14 verbose stack     at maybeClose (internal/child_process.js:821:16)
14 verbose stack     at Process.ChildProcess._handle.onexit (internal/child_process.js:211:5)
15 verbose pkgid web@1.0.0
16 verbose cwd /home/ramiro/coderhouse/web
17 error Linux 4.13.0-43-generic
18 error argv "/usr/bin/nodejs" "/usr/bin/npm" "run" "build-css"
19 error node v4.2.6
20 error npm  v3.5.2
21 error code ELIFECYCLE
22 error web@1.0.0 build-css: `node-sass --include-path scss scss/style.scss public/css/style.css`
22 error Exit status 1
23 error Failed at the web@1.0.0 build-css script 'node-sass --include-path scss scss/style.scss public/css/style.css'.
23 error Make sure you have the latest version of node.js and npm installed.
23 error If you do, this is most likely a problem with the web package,
23 error not with npm itself.
23 error Tell the author that this fails on your system:
23 error     node-sass --include-path scss scss/style.scss public/css/style.css
23 error You can get information on how to open an issue for this project with:
23 error     npm bugs web
23 error Or if that isn't available, you can get their info via:
23 error     npm owner ls web
23 error There is likely additional logging output above.
24 verbose exit [ 1, true ]
